<?xml version="1.0" encoding="UTF-8" ?>
<testsuites>
  <testsuite errors="0" failures="1" hostname="Zaras-MacBook-Air.local" id="0" name="RaceControllerTests" package="racetrack" tests="1" time="1.959" timestamp="2013-10-22T19:22:17">
      <properties />

      <testcase classname="racetrack.RaceControllerTests" name="testSomething" time="1.726">
          <failure message="junit.framework.AssertionFailedError: Implement me" type="junit.framework.AssertionFailedError">junit.framework.AssertionFailedError: junit.framework.AssertionFailedError: Implement me
	at racetrack.RaceControllerTests.testSomething(RaceControllerTests.groovy:15)
</failure>

      </testcase>

      <system-out><![CDATA[--Output from testSomething--
]]></system-out>

      <system-err><![CDATA[--Output from testSomething--
]]></system-err>

  </testsuite>
  <testsuite errors="0" failures="0" hostname="Zaras-MacBook-Air.local" id="1" name="RaceTests" package="racetrack" tests="1" time="0.547" timestamp="2013-10-22T19:22:19">
      <properties />

      <testcase classname="racetrack.RaceTests" name="testInMiles" time="0.542" />

      <system-out><![CDATA[--Output from testInMiles--
]]></system-out>

      <system-err><![CDATA[--Output from testInMiles--
]]></system-err>

  </testsuite>
</testsuites>
